E:\Programs\VS Community\MSBuild\Microsoft\VC\v170\Microsoft.CppBuild.targets(538,5): warning MSB8028: The intermediate directory (x64\Debug\) contains files shared from another project (ConsoleApplication1.vcxproj).  This can lead to incorrect clean and rebuild behavior.
  Main.cpp
E:\SFML Template\ConsoleApplication1\Main.cpp(121,44): warning C4305: 'argument': truncation from 'double' to 'T'
E:\SFML Template\ConsoleApplication1\Main.cpp(121,44): warning C4305:         with
E:\SFML Template\ConsoleApplication1\Main.cpp(121,44): warning C4305:         [
E:\SFML Template\ConsoleApplication1\Main.cpp(121,44): warning C4305:             T=float
E:\SFML Template\ConsoleApplication1\Main.cpp(121,44): warning C4305:         ]
E:\SFML Template\ConsoleApplication1\Main.cpp(121,36): warning C4305: 'argument': truncation from 'double' to 'T'
E:\SFML Template\ConsoleApplication1\Main.cpp(121,36): warning C4305:         with
E:\SFML Template\ConsoleApplication1\Main.cpp(121,36): warning C4305:         [
E:\SFML Template\ConsoleApplication1\Main.cpp(121,36): warning C4305:             T=float
E:\SFML Template\ConsoleApplication1\Main.cpp(121,36): warning C4305:         ]
E:\SFML Template\ConsoleApplication1\Main.cpp(263,54): warning C4244: '+=': conversion from 'double' to 'float', possible loss of data
E:\SFML Template\ConsoleApplication1\Main.cpp(270,45): warning C4244: 'argument': conversion from 'int' to 'T', possible loss of data
E:\SFML Template\ConsoleApplication1\Main.cpp(270,45): warning C4244:         with
E:\SFML Template\ConsoleApplication1\Main.cpp(270,45): warning C4244:         [
E:\SFML Template\ConsoleApplication1\Main.cpp(270,45): warning C4244:             T=float
E:\SFML Template\ConsoleApplication1\Main.cpp(270,45): warning C4244:         ]
E:\SFML Template\ConsoleApplication1\Main.cpp(405,15): warning C4244: 'initializing': conversion from 'double' to 'float', possible loss of data
E:\SFML Template\ConsoleApplication1\Main.cpp(992,82): warning C4244: 'argument': conversion from 'T' to 'float', possible loss of data
E:\SFML Template\ConsoleApplication1\Main.cpp(992,82): warning C4244:         with
E:\SFML Template\ConsoleApplication1\Main.cpp(992,82): warning C4244:         [
E:\SFML Template\ConsoleApplication1\Main.cpp(992,82): warning C4244:             T=unsigned int
E:\SFML Template\ConsoleApplication1\Main.cpp(992,82): warning C4244:         ]
E:\SFML Template\ConsoleApplication1\Main.cpp(992,55): warning C4244: 'argument': conversion from 'T' to 'float', possible loss of data
E:\SFML Template\ConsoleApplication1\Main.cpp(992,55): warning C4244:         with
E:\SFML Template\ConsoleApplication1\Main.cpp(992,55): warning C4244:         [
E:\SFML Template\ConsoleApplication1\Main.cpp(992,55): warning C4244:             T=unsigned int
E:\SFML Template\ConsoleApplication1\Main.cpp(992,55): warning C4244:         ]
E:\SFML Template\ConsoleApplication1\Main.cpp(1023,31): warning C4244: 'argument': conversion from 'int' to 'float', possible loss of data
E:\SFML Template\ConsoleApplication1\Main.cpp(1028,35): warning C4244: 'argument': conversion from 'int' to 'float', possible loss of data
E:\SFML Template\ConsoleApplication1\Main.cpp(1041,32): warning C4244: 'argument': conversion from 'int' to 'float', possible loss of data
E:\SFML Template\ConsoleApplication1\Main.cpp(1046,35): warning C4244: 'argument': conversion from 'int' to 'float', possible loss of data
E:\SFML Template\ConsoleApplication1\Main.cpp(1064,39): warning C4244: 'argument': conversion from 'size_t' to 'float', possible loss of data
E:\SFML Template\ConsoleApplication1\Main.cpp(1067,36): warning C4244: 'argument': conversion from 'size_t' to 'float', possible loss of data
E:\SFML Template\ConsoleApplication1\Main.cpp(1091,35): warning C4244: 'argument': conversion from 'int' to 'float', possible loss of data
E:\SFML Template\ConsoleApplication1\Main.cpp(1103,32): warning C4244: 'argument': conversion from 'int' to 'float', possible loss of data
E:\SFML Template\ConsoleApplication1\Main.cpp(1108,35): warning C4244: 'argument': conversion from 'int' to 'float', possible loss of data
E:\SFML Template\ConsoleApplication1\Main.cpp(1217,118): warning C4244: 'argument': conversion from 'double' to 'float', possible loss of data
E:\SFML Template\ConsoleApplication1\Main.cpp(1221,32): warning C4305: 'argument': truncation from 'double' to 'float'
E:\SFML Template\ConsoleApplication1\Main.cpp(1225,28): warning C4305: 'argument': truncation from 'double' to 'float'
E:\SFML Template\ConsoleApplication1\Main.cpp(1226,35): warning C4305: 'argument': truncation from 'double' to 'float'
E:\SFML Template\ConsoleApplication1\Main.cpp(1226,28): warning C4305: 'argument': truncation from 'double' to 'float'
E:\SFML Template\ConsoleApplication1\Main.cpp(1227,28): warning C4305: 'argument': truncation from 'double' to 'float'
E:\SFML Template\ConsoleApplication1\Main.cpp(1231,28): warning C4305: 'argument': truncation from 'double' to 'float'
E:\SFML Template\ConsoleApplication1\Main.cpp(1232,35): warning C4305: 'argument': truncation from 'double' to 'float'
E:\SFML Template\ConsoleApplication1\Main.cpp(1233,38): warning C4305: 'argument': truncation from 'double' to 'float'
E:\SFML Template\ConsoleApplication1\Main.cpp(1234,38): warning C4305: 'argument': truncation from 'double' to 'float'
E:\SFML Template\ConsoleApplication1\Main.cpp(1234,30): warning C4305: 'argument': truncation from 'double' to 'float'
E:\SFML Template\ConsoleApplication1\Main.cpp(1236,37): warning C4305: 'argument': truncation from 'double' to 'float'
E:\SFML Template\ConsoleApplication1\Main.cpp(1236,28): warning C4305: 'argument': truncation from 'double' to 'float'
E:\SFML Template\ConsoleApplication1\Main.cpp(1238,37): warning C4305: 'argument': truncation from 'double' to 'float'
E:\SFML Template\ConsoleApplication1\Main.cpp(1238,28): warning C4305: 'argument': truncation from 'double' to 'float'
E:\SFML Template\ConsoleApplication1\Main.cpp(1239,37): warning C4305: 'argument': truncation from 'double' to 'float'
E:\SFML Template\ConsoleApplication1\Main.cpp(1239,28): warning C4305: 'argument': truncation from 'double' to 'float'
E:\SFML Template\ConsoleApplication1\Main.cpp(1240,34): warning C4305: 'argument': truncation from 'double' to 'float'
E:\SFML Template\ConsoleApplication1\Main.cpp(1241,29): warning C4305: 'argument': truncation from 'double' to 'float'
E:\SFML Template\ConsoleApplication1\Main.cpp(1244,38): warning C4305: 'argument': truncation from 'double' to 'float'
E:\SFML Template\ConsoleApplication1\Main.cpp(1244,29): warning C4305: 'argument': truncation from 'double' to 'float'
E:\SFML Template\ConsoleApplication1\Main.cpp(1245,29): warning C4305: 'argument': truncation from 'double' to 'float'
E:\SFML Template\ConsoleApplication1\Main.cpp(1246,29): warning C4305: 'argument': truncation from 'double' to 'float'
E:\SFML Template\ConsoleApplication1\Main.cpp(1247,29): warning C4305: 'argument': truncation from 'double' to 'float'
E:\SFML Template\ConsoleApplication1\Main.cpp(1263,42): warning C4305: 'argument': truncation from 'double' to 'float'
E:\SFML Template\ConsoleApplication1\Main.cpp(1263,33): warning C4305: 'argument': truncation from 'double' to 'float'
E:\SFML Template\ConsoleApplication1\Main.cpp(1494,21): warning C4244: 'initializing': conversion from 'double' to 'float', possible loss of data
E:\SFML Template\ConsoleApplication1\Main.cpp(1563,21): warning C4244: 'initializing': conversion from 'double' to 'float', possible loss of data
E:\SFML Template\ConsoleApplication1\Main.cpp(1779,45): warning C4244: 'argument': conversion from 'double' to 'float', possible loss of data
E:\SFML Template\ConsoleApplication1\Main.cpp(1779,34): warning C4244: 'argument': conversion from 'double' to 'float', possible loss of data
E:\SFML Template\ConsoleApplication1\Main.cpp(1780,37): warning C4244: 'argument': conversion from 'double' to 'T', possible loss of data
E:\SFML Template\ConsoleApplication1\Main.cpp(1780,37): warning C4244:         with
E:\SFML Template\ConsoleApplication1\Main.cpp(1780,37): warning C4244:         [
E:\SFML Template\ConsoleApplication1\Main.cpp(1780,37): warning C4244:             T=float
E:\SFML Template\ConsoleApplication1\Main.cpp(1780,37): warning C4244:         ]
E:\SFML Template\ConsoleApplication1\Main.cpp(1781,29): warning C4244: '=': conversion from 'double' to 'float', possible loss of data
E:\SFML Template\ConsoleApplication1\Main.cpp(2113,77): warning C4244: 'argument': conversion from 'double' to 'T', possible loss of data
E:\SFML Template\ConsoleApplication1\Main.cpp(2113,77): warning C4244:         with
E:\SFML Template\ConsoleApplication1\Main.cpp(2113,77): warning C4244:         [
E:\SFML Template\ConsoleApplication1\Main.cpp(2113,77): warning C4244:             T=int
E:\SFML Template\ConsoleApplication1\Main.cpp(2113,77): warning C4244:         ]
E:\SFML Template\ConsoleApplication1\Main.cpp(2113,57): warning C4244: 'argument': conversion from 'double' to 'T', possible loss of data
E:\SFML Template\ConsoleApplication1\Main.cpp(2113,57): warning C4244:         with
E:\SFML Template\ConsoleApplication1\Main.cpp(2113,57): warning C4244:         [
E:\SFML Template\ConsoleApplication1\Main.cpp(2113,57): warning C4244:             T=int
E:\SFML Template\ConsoleApplication1\Main.cpp(2113,57): warning C4244:         ]
E:\SFML Template\ConsoleApplication1\Main.cpp(2130,74): warning C4244: 'argument': conversion from 'double' to 'T', possible loss of data
E:\SFML Template\ConsoleApplication1\Main.cpp(2130,74): warning C4244:         with
E:\SFML Template\ConsoleApplication1\Main.cpp(2130,74): warning C4244:         [
E:\SFML Template\ConsoleApplication1\Main.cpp(2130,74): warning C4244:             T=int
E:\SFML Template\ConsoleApplication1\Main.cpp(2130,74): warning C4244:         ]
E:\SFML Template\ConsoleApplication1\Main.cpp(2130,63): warning C4244: 'argument': conversion from 'double' to 'T', possible loss of data
E:\SFML Template\ConsoleApplication1\Main.cpp(2130,63): warning C4244:         with
E:\SFML Template\ConsoleApplication1\Main.cpp(2130,63): warning C4244:         [
E:\SFML Template\ConsoleApplication1\Main.cpp(2130,63): warning C4244:             T=int
E:\SFML Template\ConsoleApplication1\Main.cpp(2130,63): warning C4244:         ]
E:\SFML Template\ConsoleApplication1\Main.cpp(2234,43): warning C4244: 'argument': conversion from 'int' to 'float', possible loss of data
E:\SFML Template\ConsoleApplication1\Main.cpp(2249,58): warning C4244: 'argument': conversion from 'double' to 'T', possible loss of data
E:\SFML Template\ConsoleApplication1\Main.cpp(2249,58): warning C4244:         with
E:\SFML Template\ConsoleApplication1\Main.cpp(2249,58): warning C4244:         [
E:\SFML Template\ConsoleApplication1\Main.cpp(2249,58): warning C4244:             T=int
E:\SFML Template\ConsoleApplication1\Main.cpp(2249,58): warning C4244:         ]
E:\SFML Template\ConsoleApplication1\Main.cpp(2250,46): warning C4244: 'argument': conversion from 'int' to 'float', possible loss of data
E:\SFML Template\ConsoleApplication1\Main.cpp(2271,45): warning C4244: 'argument': conversion from 'int' to 'float', possible loss of data
E:\SFML Template\ConsoleApplication1\Main.cpp(2312,43): warning C4244: 'argument': conversion from 'int' to 'float', possible loss of data
E:\SFML Template\ConsoleApplication1\Main.cpp(2331,40): warning C4244: 'argument': conversion from 'int' to 'float', possible loss of data
E:\SFML Template\ConsoleApplication1\Main.cpp(2409,94): warning C4244: 'argument': conversion from 'double' to 'T', possible loss of data
E:\SFML Template\ConsoleApplication1\Main.cpp(2409,94): warning C4244:         with
E:\SFML Template\ConsoleApplication1\Main.cpp(2409,94): warning C4244:         [
E:\SFML Template\ConsoleApplication1\Main.cpp(2409,94): warning C4244:             T=int
E:\SFML Template\ConsoleApplication1\Main.cpp(2409,94): warning C4244:         ]
E:\SFML Template\ConsoleApplication1\Main.cpp(2409,83): warning C4244: 'argument': conversion from 'double' to 'T', possible loss of data
E:\SFML Template\ConsoleApplication1\Main.cpp(2409,83): warning C4244:         with
E:\SFML Template\ConsoleApplication1\Main.cpp(2409,83): warning C4244:         [
E:\SFML Template\ConsoleApplication1\Main.cpp(2409,83): warning C4244:             T=int
E:\SFML Template\ConsoleApplication1\Main.cpp(2409,83): warning C4244:         ]
E:\SFML Template\ConsoleApplication1\Main.cpp(2616,24): warning C4244: 'initializing': conversion from 'double' to 'float', possible loss of data
E:\SFML Template\ConsoleApplication1\Main.cpp(2767,42): warning C4305: 'argument': truncation from 'double' to 'float'
E:\SFML Template\ConsoleApplication1\Main.cpp(2767,37): warning C4305: 'argument': truncation from 'double' to 'float'
E:\SFML Template\ConsoleApplication1\Main.cpp(2826,39): warning C4244: 'argument': conversion from 'int' to 'T', possible loss of data
E:\SFML Template\ConsoleApplication1\Main.cpp(2826,39): warning C4244:         with
E:\SFML Template\ConsoleApplication1\Main.cpp(2826,39): warning C4244:         [
E:\SFML Template\ConsoleApplication1\Main.cpp(2826,39): warning C4244:             T=float
E:\SFML Template\ConsoleApplication1\Main.cpp(2826,39): warning C4244:         ]
E:\SFML Template\ConsoleApplication1\Main.cpp(3040,24): warning C4244: 'initializing': conversion from 'double' to 'float', possible loss of data
E:\SFML Template\ConsoleApplication1\Main.cpp(3074,33): warning C4244: 'initializing': conversion from 'double' to 'float', possible loss of data
E:\SFML Template\ConsoleApplication1\Main.cpp(3088,33): warning C4244: 'initializing': conversion from 'double' to 'float', possible loss of data
E:\SFML Template\ConsoleApplication1\Main.cpp(3164,29): warning C4244: 'initializing': conversion from 'double' to 'float', possible loss of data
E:\SFML Template\ConsoleApplication1\Main.cpp(3178,29): warning C4244: 'initializing': conversion from 'double' to 'float', possible loss of data
E:\SFML Template\ConsoleApplication1\Main.cpp(3444,42): warning C4305: 'argument': truncation from 'double' to 'float'
E:\SFML Template\ConsoleApplication1\Main.cpp(3444,33): warning C4305: 'argument': truncation from 'double' to 'float'
E:\SFML Template\ConsoleApplication1\Main.cpp(3461,43): warning C4244: 'argument': conversion from 'int' to 'float', possible loss of data
E:\SFML Template\ConsoleApplication1\Main.cpp(3482,45): warning C4244: 'argument': conversion from 'int' to 'float', possible loss of data
E:\SFML Template\ConsoleApplication1\Main.cpp(3523,43): warning C4244: 'argument': conversion from 'int' to 'float', possible loss of data
E:\SFML Template\ConsoleApplication1\Main.cpp(3545,40): warning C4244: 'argument': conversion from 'int' to 'float', possible loss of data
  ConsoleApplication1.vcxproj -> E:\SFML Template\x64\Debug\SFML Template.exe
